2019-03-18 11:37:30,727:DEBUG:Starting new HTTP connection (1): www.makaan.com:80
2019-03-18 11:37:31,249:DEBUG:http://www.makaan.com:80 "GET /price-trends HTTP/1.1" 301 185
2019-03-18 11:37:31,251:DEBUG:Starting new HTTPS connection (1): www.makaan.com:443
2019-03-18 11:37:31,602:DEBUG:https://www.makaan.com:443 "GET /price-trends HTTP/1.1" 200 None
2019-03-18 11:37:31,676:DEBUG:Received GET Response from http://www.makaan.com/price-trends
2019-03-18 11:37:32,820:DEBUG:Extracted Table and Table body from http://www.makaan.com/price-trends
2019-03-18 11:37:32,871:DEBUG:Scraped data and saved into List
2019-03-18 11:37:32,875:DEBUG:Added data to pandas data frame. Shape = (339, 8)
2019-03-18 11:37:32,880:DEBUG:Saving csv file at C:\Users\jaiswals\Dropbox\Workspace\Python\property-rates-india/csv/makaan_price.csv
2019-03-18 11:37:34,000:DEBUG:Appending data into db
2019-03-18 14:18:31,872:DEBUG:Starting new HTTPS connection (1): www.99acres.com:443
2019-03-18 14:18:32,559:DEBUG:https://www.99acres.com:443 "GET /real-estate-property-rates-index HTTP/1.1" 200 17798
2019-03-18 14:18:32,571:DEBUG:Received GET Response from https://www.99acres.com/real-estate-property-rates-index
2019-03-18 14:18:32,619:DEBUG:Extracted Div which contains links for cities from https://www.99acres.com/real-estate-property-rates-index
2019-03-18 14:36:09,308:DEBUG:Starting new HTTPS connection (1): www.99acres.com:443
2019-03-18 14:36:10,962:DEBUG:https://www.99acres.com:443 "GET /real-estate-property-rates-index HTTP/1.1" 200 17799
2019-03-18 14:36:10,973:DEBUG:Received GET Response from https://www.99acres.com/real-estate-property-rates-index
2019-03-18 14:36:11,023:DEBUG:Extracted Div which contains links for cities from https://www.99acres.com/real-estate-property-rates-index
2019-03-18 14:36:11,026:DEBUG:Starting new HTTPS connection (1): www.99acres.com:443
2019-03-18 14:36:16,479:DEBUG:https://www.99acres.com:443 "GET /property-rates-and-price-trends-in-delhi-ncr HTTP/1.1" 200 25538
2019-03-18 14:36:16,486:DEBUG:Navigating to 99acers.com Property Trend page for ncr
2019-03-18 14:36:16,639:DEBUG:Completed Scraping data from 99acers.com Property Trend page for ncr
2019-03-18 14:36:16,641:DEBUG:Starting new HTTPS connection (1): www.99acres.com:443
2019-03-18 14:36:21,659:DEBUG:https://www.99acres.com:443 "GET /property-rates-and-price-trends-in-gurgaon HTTP/1.1" 200 24685
2019-03-18 14:36:21,667:DEBUG:Navigating to 99acers.com Property Trend page for gurgaon
2019-03-18 14:36:21,805:DEBUG:Completed Scraping data from 99acers.com Property Trend page for gurgaon
2019-03-18 14:36:21,807:DEBUG:Starting new HTTPS connection (1): www.99acres.com:443
2019-03-18 14:36:32,863:DEBUG:https://www.99acres.com:443 "GET /property-rates-and-price-trends-in-noida HTTP/1.1" 200 22714
2019-03-18 14:36:32,869:DEBUG:Navigating to 99acers.com Property Trend page for noida
2019-03-18 14:36:32,965:DEBUG:Completed Scraping data from 99acers.com Property Trend page for noida
2019-03-18 14:36:32,967:DEBUG:Starting new HTTPS connection (1): www.99acres.com:443
2019-03-18 14:36:34,253:DEBUG:https://www.99acres.com:443 "GET /property-rates-and-price-trends-in-greater-noida HTTP/1.1" 200 21496
2019-03-18 14:36:34,259:DEBUG:Navigating to 99acers.com Property Trend page for noida
2019-03-18 14:36:34,343:DEBUG:Completed Scraping data from 99acers.com Property Trend page for noida
2019-03-18 14:36:34,345:DEBUG:Starting new HTTPS connection (1): www.99acres.com:443
2019-03-18 14:36:35,570:DEBUG:https://www.99acres.com:443 "GET /property-rates-and-price-trends-in-ghaziabad HTTP/1.1" 200 22421
2019-03-18 14:36:35,575:DEBUG:Navigating to 99acers.com Property Trend page for ghaziabad
2019-03-18 14:36:35,688:DEBUG:Completed Scraping data from 99acers.com Property Trend page for ghaziabad
2019-03-18 14:36:35,690:DEBUG:Starting new HTTPS connection (1): www.99acres.com:443
2019-03-18 14:36:36,883:DEBUG:https://www.99acres.com:443 "GET /property-rates-and-price-trends-in-faridabad HTTP/1.1" 200 20579
2019-03-18 14:36:36,889:DEBUG:Navigating to 99acers.com Property Trend page for faridabad
2019-03-18 14:36:36,959:DEBUG:Completed Scraping data from 99acers.com Property Trend page for faridabad
2019-03-18 14:36:36,961:DEBUG:Starting new HTTPS connection (1): www.99acres.com:443
2019-03-18 14:36:37,501:DEBUG:https://www.99acres.com:443 "GET /property-rates-and-price-trends-in-mumbai HTTP/1.1" 200 50346
2019-03-18 14:36:37,510:DEBUG:Navigating to 99acers.com Property Trend page for mumbai
2019-03-18 14:36:38,033:DEBUG:Completed Scraping data from 99acers.com Property Trend page for mumbai
2019-03-18 14:36:38,056:DEBUG:Starting new HTTPS connection (1): www.99acres.com:443
2019-03-18 14:36:42,536:DEBUG:https://www.99acres.com:443 "GET /property-rates-and-price-trends-in-bangalore HTTP/1.1" 200 32523
2019-03-18 14:36:42,548:DEBUG:Navigating to 99acers.com Property Trend page for bangalore
2019-03-18 14:36:42,805:DEBUG:Completed Scraping data from 99acers.com Property Trend page for bangalore
2019-03-18 14:36:42,807:DEBUG:Starting new HTTPS connection (1): www.99acres.com:443
2019-03-18 14:36:46,430:DEBUG:https://www.99acres.com:443 "GET /property-rates-and-price-trends-in-chennai HTTP/1.1" 200 27590
2019-03-18 14:36:46,437:DEBUG:Navigating to 99acers.com Property Trend page for chennai
2019-03-18 14:36:46,625:DEBUG:Completed Scraping data from 99acers.com Property Trend page for chennai
2019-03-18 14:36:46,627:DEBUG:Starting new HTTPS connection (1): www.99acres.com:443
2019-03-18 14:36:48,408:DEBUG:https://www.99acres.com:443 "GET /property-rates-and-price-trends-in-hyderabad HTTP/1.1" 200 23079
2019-03-18 14:36:48,417:DEBUG:Navigating to 99acers.com Property Trend page for hyderabad
2019-03-18 14:36:48,531:DEBUG:Completed Scraping data from 99acers.com Property Trend page for hyderabad
2019-03-18 14:36:48,534:DEBUG:Starting new HTTPS connection (1): www.99acres.com:443
2019-03-18 14:36:49,727:DEBUG:https://www.99acres.com:443 "GET /property-rates-and-price-trends-in-pune HTTP/1.1" 200 32360
2019-03-18 14:36:49,736:DEBUG:Navigating to 99acers.com Property Trend page for pune
2019-03-18 14:36:50,052:DEBUG:Completed Scraping data from 99acers.com Property Trend page for pune
2019-03-18 14:36:50,054:DEBUG:Starting new HTTPS connection (1): www.99acres.com:443
2019-03-18 14:36:54,616:DEBUG:https://www.99acres.com:443 "GET /property-rates-and-price-trends-in-kolkata HTTP/1.1" 200 26445
2019-03-18 14:36:54,623:DEBUG:Navigating to 99acers.com Property Trend page for kolkata
2019-03-18 14:36:54,797:DEBUG:Completed Scraping data from 99acers.com Property Trend page for kolkata
2019-03-18 14:36:54,799:DEBUG:Starting new HTTPS connection (1): www.99acres.com:443
2019-03-18 14:36:59,414:DEBUG:https://www.99acres.com:443 "GET /property-rates-and-price-trends-in-ahmedabad HTTP/1.1" 200 23089
2019-03-18 14:36:59,421:DEBUG:Navigating to 99acers.com Property Trend page for ahmedabad
2019-03-18 14:36:59,530:DEBUG:Completed Scraping data from 99acers.com Property Trend page for ahmedabad
2019-03-18 14:36:59,533:DEBUG:Starting new HTTPS connection (1): www.99acres.com:443
2019-03-18 14:37:00,961:DEBUG:https://www.99acres.com:443 "GET /property-rates-and-price-trends-in-bhubaneswar HTTP/1.1" 200 19900
2019-03-18 14:37:00,967:DEBUG:Navigating to 99acers.com Property Trend page for bhubaneswar
2019-03-18 14:37:01,033:DEBUG:Completed Scraping data from 99acers.com Property Trend page for bhubaneswar
2019-03-18 14:37:01,036:DEBUG:Starting new HTTPS connection (1): www.99acres.com:443
2019-03-18 14:37:02,562:DEBUG:https://www.99acres.com:443 "GET /property-rates-and-price-trends-in-coimbatore HTTP/1.1" 200 19811
2019-03-18 14:37:02,567:DEBUG:Navigating to 99acers.com Property Trend page for coimbatore
2019-03-18 14:37:02,627:DEBUG:Completed Scraping data from 99acers.com Property Trend page for coimbatore
2019-03-18 14:37:02,629:DEBUG:Starting new HTTPS connection (1): www.99acres.com:443
2019-03-18 14:37:04,108:DEBUG:https://www.99acres.com:443 "GET /property-rates-and-price-trends-in-indore HTTP/1.1" 200 20384
2019-03-18 14:37:04,121:DEBUG:Navigating to 99acers.com Property Trend page for indore
2019-03-18 14:37:04,196:DEBUG:Completed Scraping data from 99acers.com Property Trend page for indore
2019-03-18 14:37:04,199:DEBUG:Starting new HTTPS connection (1): www.99acres.com:443
2019-03-18 14:37:05,638:DEBUG:https://www.99acres.com:443 "GET /property-rates-and-price-trends-in-nagpur HTTP/1.1" 200 21906
2019-03-18 14:37:05,646:DEBUG:Navigating to 99acers.com Property Trend page for nagpur
2019-03-18 14:37:05,743:DEBUG:Completed Scraping data from 99acers.com Property Trend page for nagpur
2019-03-18 14:37:05,745:DEBUG:Starting new HTTPS connection (1): www.99acres.com:443
2019-03-18 14:37:07,172:DEBUG:https://www.99acres.com:443 "GET /property-rates-and-price-trends-in-vadodara HTTP/1.1" 200 21524
2019-03-18 14:37:07,179:DEBUG:Navigating to 99acers.com Property Trend page for vadodara
2019-03-18 14:37:07,287:DEBUG:Completed Scraping data from 99acers.com Property Trend page for vadodara
2019-03-18 14:37:07,290:DEBUG:Starting new HTTPS connection (1): www.99acres.com:443
2019-03-18 14:37:08,485:DEBUG:https://www.99acres.com:443 "GET /property-rates-and-price-trends-in-chandigarh HTTP/1.1" 200 20192
2019-03-18 14:37:08,491:DEBUG:Navigating to 99acers.com Property Trend page for chandigarh
2019-03-18 14:37:08,557:DEBUG:Completed Scraping data from 99acers.com Property Trend page for chandigarh
2019-03-18 14:37:08,559:DEBUG:Starting new HTTPS connection (1): www.99acres.com:443
2019-03-18 14:37:09,763:DEBUG:https://www.99acres.com:443 "GET /property-rates-and-price-trends-in-jaipur HTTP/1.1" 200 21039
2019-03-18 14:37:09,769:DEBUG:Navigating to 99acers.com Property Trend page for jaipur
2019-03-18 14:37:09,845:DEBUG:Completed Scraping data from 99acers.com Property Trend page for jaipur
2019-03-18 14:37:09,847:DEBUG:Starting new HTTPS connection (1): www.99acres.com:443
2019-03-18 14:37:11,017:DEBUG:https://www.99acres.com:443 "GET /property-rates-and-price-trends-in-lucknow HTTP/1.1" 200 20752
2019-03-18 14:37:11,023:DEBUG:Navigating to 99acers.com Property Trend page for lucknow
2019-03-18 14:37:11,110:DEBUG:Completed Scraping data from 99acers.com Property Trend page for lucknow
2019-03-18 14:37:11,114:DEBUG:Starting new HTTPS connection (1): www.99acres.com:443
2019-03-18 14:37:13,436:DEBUG:https://www.99acres.com:443 "GET /property-rates-and-price-trends-in-surat HTTP/1.1" 200 20450
2019-03-18 14:37:13,442:DEBUG:Navigating to 99acers.com Property Trend page for surat
2019-03-18 14:37:13,516:DEBUG:Completed Scraping data from 99acers.com Property Trend page for surat
2019-03-18 14:37:13,516:DEBUG:Scraped data and saved into List
2019-03-18 14:37:13,520:DEBUG:Added data to pandas data frame. Shape = (2406, 5)
2019-03-18 14:37:13,535:DEBUG:Saving csv file at C:\Users\jaiswals\Dropbox\Workspace\Python\property-rates-india/csv/99acres_price.csv
2019-03-18 14:37:25,402:DEBUG:Appending data into db
2019-03-18 14:41:04,778:DEBUG:Starting new HTTPS connection (1): www.99acres.com:443
2019-03-18 14:41:05,492:DEBUG:https://www.99acres.com:443 "GET /real-estate-property-rates-index HTTP/1.1" 200 17800
2019-03-18 14:41:05,505:DEBUG:Received GET Response from https://www.99acres.com/real-estate-property-rates-index
2019-03-18 14:41:05,558:DEBUG:Extracted Div which contains links for cities from https://www.99acres.com/real-estate-property-rates-index
2019-03-18 14:41:05,560:DEBUG:Starting new HTTPS connection (1): www.99acres.com:443
2019-03-18 14:41:05,937:DEBUG:https://www.99acres.com:443 "GET /property-rates-and-price-trends-in-delhi-ncr HTTP/1.1" 200 25537
2019-03-18 14:41:05,945:DEBUG:Navigating to 99acers.com Property Trend page for ncr
2019-03-18 14:41:06,227:DEBUG:Completed Scraping data from 99acers.com Property Trend page for ncr
2019-03-18 14:41:06,230:DEBUG:Starting new HTTPS connection (1): www.99acres.com:443
2019-03-18 14:41:07,465:DEBUG:https://www.99acres.com:443 "GET /property-rates-and-price-trends-in-gurgaon HTTP/1.1" 200 24687
2019-03-18 14:41:07,472:DEBUG:Navigating to 99acers.com Property Trend page for gurgaon
2019-03-18 14:41:07,610:DEBUG:Completed Scraping data from 99acers.com Property Trend page for gurgaon
2019-03-18 14:41:07,613:DEBUG:Starting new HTTPS connection (1): www.99acres.com:443
2019-03-18 14:41:11,063:DEBUG:https://www.99acres.com:443 "GET /property-rates-and-price-trends-in-noida HTTP/1.1" 200 22712
2019-03-18 14:41:11,070:DEBUG:Navigating to 99acers.com Property Trend page for noida
2019-03-18 14:41:11,177:DEBUG:Completed Scraping data from 99acers.com Property Trend page for noida
2019-03-18 14:41:11,180:DEBUG:Starting new HTTPS connection (1): www.99acres.com:443
2019-03-18 14:41:12,425:DEBUG:https://www.99acres.com:443 "GET /property-rates-and-price-trends-in-greater-noida HTTP/1.1" 200 21495
2019-03-18 14:41:12,431:DEBUG:Navigating to 99acers.com Property Trend page for noida
2019-03-18 14:41:12,511:DEBUG:Completed Scraping data from 99acers.com Property Trend page for noida
2019-03-18 14:41:12,514:DEBUG:Starting new HTTPS connection (1): www.99acres.com:443
2019-03-18 14:41:12,925:DEBUG:https://www.99acres.com:443 "GET /property-rates-and-price-trends-in-ghaziabad HTTP/1.1" 200 22421
2019-03-18 14:41:12,932:DEBUG:Navigating to 99acers.com Property Trend page for ghaziabad
2019-03-18 14:41:13,040:DEBUG:Completed Scraping data from 99acers.com Property Trend page for ghaziabad
2019-03-18 14:41:13,043:DEBUG:Starting new HTTPS connection (1): www.99acres.com:443
2019-03-18 14:41:13,397:DEBUG:https://www.99acres.com:443 "GET /property-rates-and-price-trends-in-faridabad HTTP/1.1" 200 20577
2019-03-18 14:41:13,403:DEBUG:Navigating to 99acers.com Property Trend page for faridabad
2019-03-18 14:41:13,471:DEBUG:Completed Scraping data from 99acers.com Property Trend page for faridabad
2019-03-18 14:41:13,473:DEBUG:Starting new HTTPS connection (1): www.99acres.com:443
2019-03-18 14:41:13,944:DEBUG:https://www.99acres.com:443 "GET /property-rates-and-price-trends-in-mumbai HTTP/1.1" 200 50345
2019-03-18 14:41:13,953:DEBUG:Navigating to 99acers.com Property Trend page for mumbai
2019-03-18 14:41:14,454:DEBUG:Completed Scraping data from 99acers.com Property Trend page for mumbai
2019-03-18 14:41:14,476:DEBUG:Starting new HTTPS connection (1): www.99acres.com:443
2019-03-18 14:41:14,948:DEBUG:https://www.99acres.com:443 "GET /property-rates-and-price-trends-in-bangalore HTTP/1.1" 200 32524
2019-03-18 14:41:14,956:DEBUG:Navigating to 99acers.com Property Trend page for bangalore
2019-03-18 14:41:15,198:DEBUG:Completed Scraping data from 99acers.com Property Trend page for bangalore
2019-03-18 14:41:15,201:DEBUG:Starting new HTTPS connection (1): www.99acres.com:443
2019-03-18 14:41:18,821:DEBUG:https://www.99acres.com:443 "GET /property-rates-and-price-trends-in-chennai HTTP/1.1" 200 27591
2019-03-18 14:41:18,835:DEBUG:Navigating to 99acers.com Property Trend page for chennai
2019-03-18 14:41:19,035:DEBUG:Completed Scraping data from 99acers.com Property Trend page for chennai
2019-03-18 14:41:19,038:DEBUG:Starting new HTTPS connection (1): www.99acres.com:443
2019-03-18 14:41:20,260:DEBUG:https://www.99acres.com:443 "GET /property-rates-and-price-trends-in-hyderabad HTTP/1.1" 200 23080
2019-03-18 14:41:20,265:DEBUG:Navigating to 99acers.com Property Trend page for hyderabad
2019-03-18 14:41:20,370:DEBUG:Completed Scraping data from 99acers.com Property Trend page for hyderabad
2019-03-18 14:41:20,373:DEBUG:Starting new HTTPS connection (1): www.99acres.com:443
2019-03-18 14:41:26,820:DEBUG:https://www.99acres.com:443 "GET /property-rates-and-price-trends-in-pune HTTP/1.1" 200 32360
2019-03-18 14:41:26,827:DEBUG:Navigating to 99acers.com Property Trend page for pune
2019-03-18 14:41:27,102:DEBUG:Completed Scraping data from 99acers.com Property Trend page for pune
2019-03-18 14:41:27,105:DEBUG:Starting new HTTPS connection (1): www.99acres.com:443
2019-03-18 14:41:27,533:DEBUG:https://www.99acres.com:443 "GET /property-rates-and-price-trends-in-kolkata HTTP/1.1" 200 26444
2019-03-18 14:41:27,545:DEBUG:Navigating to 99acers.com Property Trend page for kolkata
2019-03-18 14:41:27,714:DEBUG:Completed Scraping data from 99acers.com Property Trend page for kolkata
2019-03-18 14:41:27,716:DEBUG:Starting new HTTPS connection (1): www.99acres.com:443
2019-03-18 14:41:32,423:DEBUG:https://www.99acres.com:443 "GET /property-rates-and-price-trends-in-ahmedabad HTTP/1.1" 200 23088
2019-03-18 14:41:32,429:DEBUG:Navigating to 99acers.com Property Trend page for ahmedabad
2019-03-18 14:41:32,533:DEBUG:Completed Scraping data from 99acers.com Property Trend page for ahmedabad
2019-03-18 14:41:32,535:DEBUG:Starting new HTTPS connection (1): www.99acres.com:443
2019-03-18 14:41:33,976:DEBUG:https://www.99acres.com:443 "GET /property-rates-and-price-trends-in-bhubaneswar HTTP/1.1" 200 19900
2019-03-18 14:41:33,982:DEBUG:Navigating to 99acers.com Property Trend page for bhubaneswar
2019-03-18 14:41:34,040:DEBUG:Completed Scraping data from 99acers.com Property Trend page for bhubaneswar
2019-03-18 14:41:34,042:DEBUG:Starting new HTTPS connection (1): www.99acres.com:443
2019-03-18 14:41:34,625:DEBUG:https://www.99acres.com:443 "GET /property-rates-and-price-trends-in-coimbatore HTTP/1.1" 200 19811
2019-03-18 14:41:34,631:DEBUG:Navigating to 99acers.com Property Trend page for coimbatore
2019-03-18 14:41:34,687:DEBUG:Completed Scraping data from 99acers.com Property Trend page for coimbatore
2019-03-18 14:41:34,689:DEBUG:Starting new HTTPS connection (1): www.99acres.com:443
2019-03-18 14:41:36,143:DEBUG:https://www.99acres.com:443 "GET /property-rates-and-price-trends-in-indore HTTP/1.1" 200 20384
2019-03-18 14:41:36,149:DEBUG:Navigating to 99acers.com Property Trend page for indore
2019-03-18 14:41:36,212:DEBUG:Completed Scraping data from 99acers.com Property Trend page for indore
2019-03-18 14:41:36,214:DEBUG:Starting new HTTPS connection (1): www.99acres.com:443
2019-03-18 14:41:37,901:DEBUG:https://www.99acres.com:443 "GET /property-rates-and-price-trends-in-nagpur HTTP/1.1" 200 21905
2019-03-18 14:41:37,907:DEBUG:Navigating to 99acers.com Property Trend page for nagpur
2019-03-18 14:41:38,010:DEBUG:Completed Scraping data from 99acers.com Property Trend page for nagpur
2019-03-18 14:41:38,016:DEBUG:Starting new HTTPS connection (1): www.99acres.com:443
2019-03-18 14:41:38,427:DEBUG:https://www.99acres.com:443 "GET /property-rates-and-price-trends-in-vadodara HTTP/1.1" 200 21524
2019-03-18 14:41:38,433:DEBUG:Navigating to 99acers.com Property Trend page for vadodara
2019-03-18 14:41:38,583:DEBUG:Completed Scraping data from 99acers.com Property Trend page for vadodara
2019-03-18 14:41:38,585:DEBUG:Starting new HTTPS connection (1): www.99acres.com:443
2019-03-18 14:41:39,158:DEBUG:https://www.99acres.com:443 "GET /property-rates-and-price-trends-in-chandigarh HTTP/1.1" 200 20192
2019-03-18 14:41:39,170:DEBUG:Navigating to 99acers.com Property Trend page for chandigarh
2019-03-18 14:41:39,234:DEBUG:Completed Scraping data from 99acers.com Property Trend page for chandigarh
2019-03-18 14:41:39,236:DEBUG:Starting new HTTPS connection (1): www.99acres.com:443
2019-03-18 14:41:39,613:DEBUG:https://www.99acres.com:443 "GET /property-rates-and-price-trends-in-jaipur HTTP/1.1" 200 21039
2019-03-18 14:41:39,619:DEBUG:Navigating to 99acers.com Property Trend page for jaipur
2019-03-18 14:41:39,700:DEBUG:Completed Scraping data from 99acers.com Property Trend page for jaipur
2019-03-18 14:41:39,703:DEBUG:Starting new HTTPS connection (1): www.99acres.com:443
2019-03-18 14:41:40,965:DEBUG:https://www.99acres.com:443 "GET /property-rates-and-price-trends-in-lucknow HTTP/1.1" 200 20751
2019-03-18 14:41:40,973:DEBUG:Navigating to 99acers.com Property Trend page for lucknow
2019-03-18 14:41:41,045:DEBUG:Completed Scraping data from 99acers.com Property Trend page for lucknow
2019-03-18 14:41:41,048:DEBUG:Starting new HTTPS connection (1): www.99acres.com:443
2019-03-18 14:41:42,754:DEBUG:https://www.99acres.com:443 "GET /property-rates-and-price-trends-in-surat HTTP/1.1" 200 20449
2019-03-18 14:41:42,759:DEBUG:Navigating to 99acers.com Property Trend page for surat
2019-03-18 14:41:42,830:DEBUG:Completed Scraping data from 99acers.com Property Trend page for surat
2019-03-18 14:41:42,830:DEBUG:Scraped data and saved into List
2019-03-18 14:41:42,834:DEBUG:Added data to pandas data frame. Shape = (2406, 6)
2019-03-18 14:41:42,849:DEBUG:Saving csv file at C:\Users\jaiswals\Dropbox\Workspace\Python\property-rates-india/csv/99acres_price.csv
2019-03-18 14:41:50,610:DEBUG:Appending data into db
2019-03-19 11:17:17,529:DEBUG:Starting new HTTPS connection (1): www.99acres.com:443
2019-03-19 11:17:18,183:DEBUG:https://www.99acres.com:443 "GET /real-estate-property-rates-index HTTP/1.1" 200 17800
2019-03-19 11:17:18,194:DEBUG:Received GET Response from https://www.99acres.com/real-estate-property-rates-index
2019-03-19 11:17:18,244:DEBUG:Extracted Div which contains links for cities from https://www.99acres.com/real-estate-property-rates-index
2019-03-19 11:17:18,247:DEBUG:Starting new HTTPS connection (1): www.99acres.com:443
2019-03-19 11:17:23,582:DEBUG:https://www.99acres.com:443 "GET /property-rates-and-price-trends-in-delhi-ncr HTTP/1.1" 200 25539
2019-03-19 11:17:23,588:DEBUG:Navigating to 99acers.com Property Trend page for ncr
2019-03-19 11:17:23,743:DEBUG:Completed Scraping data from 99acers.com Property Trend page for ncr
2019-03-19 11:17:23,746:DEBUG:Starting new HTTPS connection (1): www.99acres.com:443
2019-03-19 11:17:24,962:DEBUG:https://www.99acres.com:443 "GET /property-rates-and-price-trends-in-gurgaon HTTP/1.1" 200 24688
2019-03-19 11:17:24,969:DEBUG:Navigating to 99acers.com Property Trend page for gurgaon
2019-03-19 11:17:25,097:DEBUG:Completed Scraping data from 99acers.com Property Trend page for gurgaon
2019-03-19 11:17:25,099:DEBUG:Starting new HTTPS connection (1): www.99acres.com:443
2019-03-19 11:17:26,264:DEBUG:https://www.99acres.com:443 "GET /property-rates-and-price-trends-in-noida HTTP/1.1" 200 22712
2019-03-19 11:17:26,271:DEBUG:Navigating to 99acers.com Property Trend page for noida
2019-03-19 11:17:26,371:DEBUG:Completed Scraping data from 99acers.com Property Trend page for noida
2019-03-19 11:17:26,373:DEBUG:Starting new HTTPS connection (1): www.99acres.com:443
2019-03-19 11:17:27,544:DEBUG:https://www.99acres.com:443 "GET /property-rates-and-price-trends-in-greater-noida HTTP/1.1" 200 21497
2019-03-19 11:17:27,550:DEBUG:Navigating to 99acers.com Property Trend page for noida
2019-03-19 11:17:27,628:DEBUG:Completed Scraping data from 99acers.com Property Trend page for noida
2019-03-19 11:17:27,630:DEBUG:Starting new HTTPS connection (1): www.99acres.com:443
2019-03-19 11:17:30,566:DEBUG:https://www.99acres.com:443 "GET /property-rates-and-price-trends-in-ghaziabad HTTP/1.1" 200 22420
2019-03-19 11:17:30,572:DEBUG:Navigating to 99acers.com Property Trend page for ghaziabad
2019-03-19 11:17:30,677:DEBUG:Completed Scraping data from 99acers.com Property Trend page for ghaziabad
2019-03-19 11:17:30,679:DEBUG:Starting new HTTPS connection (1): www.99acres.com:443
2019-03-19 11:17:31,810:DEBUG:https://www.99acres.com:443 "GET /property-rates-and-price-trends-in-faridabad HTTP/1.1" 200 20579
2019-03-19 11:17:31,817:DEBUG:Navigating to 99acers.com Property Trend page for faridabad
2019-03-19 11:17:31,882:DEBUG:Completed Scraping data from 99acers.com Property Trend page for faridabad
2019-03-19 11:17:31,884:DEBUG:Starting new HTTPS connection (1): www.99acres.com:443
2019-03-19 11:17:32,485:DEBUG:https://www.99acres.com:443 "GET /property-rates-and-price-trends-in-mumbai HTTP/1.1" 200 50346
2019-03-19 11:17:32,495:DEBUG:Navigating to 99acers.com Property Trend page for mumbai
2019-03-19 11:17:32,975:DEBUG:Completed Scraping data from 99acers.com Property Trend page for mumbai
2019-03-19 11:17:32,995:DEBUG:Starting new HTTPS connection (1): www.99acres.com:443
2019-03-19 11:17:37,269:DEBUG:https://www.99acres.com:443 "GET /property-rates-and-price-trends-in-bangalore HTTP/1.1" 200 32525
2019-03-19 11:17:37,276:DEBUG:Navigating to 99acers.com Property Trend page for bangalore
2019-03-19 11:17:37,508:DEBUG:Completed Scraping data from 99acers.com Property Trend page for bangalore
2019-03-19 11:17:37,510:DEBUG:Starting new HTTPS connection (1): www.99acres.com:443
2019-03-19 11:17:38,051:DEBUG:https://www.99acres.com:443 "GET /property-rates-and-price-trends-in-chennai HTTP/1.1" 200 27588
2019-03-19 11:17:38,058:DEBUG:Navigating to 99acers.com Property Trend page for chennai
2019-03-19 11:17:38,222:DEBUG:Completed Scraping data from 99acers.com Property Trend page for chennai
2019-03-19 11:17:38,224:DEBUG:Starting new HTTPS connection (1): www.99acres.com:443
2019-03-19 11:17:38,760:DEBUG:https://www.99acres.com:443 "GET /property-rates-and-price-trends-in-hyderabad HTTP/1.1" 200 23079
2019-03-19 11:17:38,766:DEBUG:Navigating to 99acers.com Property Trend page for hyderabad
2019-03-19 11:17:38,866:DEBUG:Completed Scraping data from 99acers.com Property Trend page for hyderabad
2019-03-19 11:17:38,868:DEBUG:Starting new HTTPS connection (1): www.99acres.com:443
2019-03-19 11:17:39,340:DEBUG:https://www.99acres.com:443 "GET /property-rates-and-price-trends-in-pune HTTP/1.1" 200 32362
2019-03-19 11:17:39,347:DEBUG:Navigating to 99acers.com Property Trend page for pune
2019-03-19 11:17:39,600:DEBUG:Completed Scraping data from 99acers.com Property Trend page for pune
2019-03-19 11:17:39,602:DEBUG:Starting new HTTPS connection (1): www.99acres.com:443
2019-03-19 11:17:43,896:DEBUG:https://www.99acres.com:443 "GET /property-rates-and-price-trends-in-kolkata HTTP/1.1" 200 26445
2019-03-19 11:17:43,903:DEBUG:Navigating to 99acers.com Property Trend page for kolkata
2019-03-19 11:17:44,050:DEBUG:Completed Scraping data from 99acers.com Property Trend page for kolkata
2019-03-19 11:17:44,052:DEBUG:Starting new HTTPS connection (1): www.99acres.com:443
2019-03-19 11:17:48,873:DEBUG:https://www.99acres.com:443 "GET /property-rates-and-price-trends-in-ahmedabad HTTP/1.1" 200 23088
2019-03-19 11:17:48,880:DEBUG:Navigating to 99acers.com Property Trend page for ahmedabad
2019-03-19 11:17:48,980:DEBUG:Completed Scraping data from 99acers.com Property Trend page for ahmedabad
2019-03-19 11:17:48,982:DEBUG:Starting new HTTPS connection (1): www.99acres.com:443
2019-03-19 11:17:50,566:DEBUG:https://www.99acres.com:443 "GET /property-rates-and-price-trends-in-bhubaneswar HTTP/1.1" 200 19900
2019-03-19 11:17:50,572:DEBUG:Navigating to 99acers.com Property Trend page for bhubaneswar
2019-03-19 11:17:50,630:DEBUG:Completed Scraping data from 99acers.com Property Trend page for bhubaneswar
2019-03-19 11:17:50,632:DEBUG:Starting new HTTPS connection (1): www.99acres.com:443
2019-03-19 11:17:52,293:DEBUG:https://www.99acres.com:443 "GET /property-rates-and-price-trends-in-coimbatore HTTP/1.1" 200 19810
2019-03-19 11:17:52,299:DEBUG:Navigating to 99acers.com Property Trend page for coimbatore
2019-03-19 11:17:52,355:DEBUG:Completed Scraping data from 99acers.com Property Trend page for coimbatore
2019-03-19 11:17:52,357:DEBUG:Starting new HTTPS connection (1): www.99acres.com:443
2019-03-19 11:17:53,786:DEBUG:https://www.99acres.com:443 "GET /property-rates-and-price-trends-in-indore HTTP/1.1" 200 20386
2019-03-19 11:17:53,794:DEBUG:Navigating to 99acers.com Property Trend page for indore
2019-03-19 11:17:53,855:DEBUG:Completed Scraping data from 99acers.com Property Trend page for indore
2019-03-19 11:17:53,858:DEBUG:Starting new HTTPS connection (1): www.99acres.com:443
2019-03-19 11:17:54,246:DEBUG:https://www.99acres.com:443 "GET /property-rates-and-price-trends-in-nagpur HTTP/1.1" 200 21904
2019-03-19 11:17:54,252:DEBUG:Navigating to 99acers.com Property Trend page for nagpur
2019-03-19 11:17:54,337:DEBUG:Completed Scraping data from 99acers.com Property Trend page for nagpur
2019-03-19 11:17:54,339:DEBUG:Starting new HTTPS connection (1): www.99acres.com:443
2019-03-19 11:17:56,067:DEBUG:https://www.99acres.com:443 "GET /property-rates-and-price-trends-in-vadodara HTTP/1.1" 200 21525
2019-03-19 11:17:56,073:DEBUG:Navigating to 99acers.com Property Trend page for vadodara
2019-03-19 11:17:56,177:DEBUG:Completed Scraping data from 99acers.com Property Trend page for vadodara
2019-03-19 11:17:56,179:DEBUG:Starting new HTTPS connection (1): www.99acres.com:443
2019-03-19 11:17:57,392:DEBUG:https://www.99acres.com:443 "GET /property-rates-and-price-trends-in-chandigarh HTTP/1.1" 200 20191
2019-03-19 11:17:57,397:DEBUG:Navigating to 99acers.com Property Trend page for chandigarh
2019-03-19 11:17:57,457:DEBUG:Completed Scraping data from 99acers.com Property Trend page for chandigarh
2019-03-19 11:17:57,459:DEBUG:Starting new HTTPS connection (1): www.99acres.com:443
2019-03-19 11:17:58,734:DEBUG:https://www.99acres.com:443 "GET /property-rates-and-price-trends-in-jaipur HTTP/1.1" 200 21039
2019-03-19 11:17:58,740:DEBUG:Navigating to 99acers.com Property Trend page for jaipur
2019-03-19 11:17:58,808:DEBUG:Completed Scraping data from 99acers.com Property Trend page for jaipur
2019-03-19 11:17:58,811:DEBUG:Starting new HTTPS connection (1): www.99acres.com:443
2019-03-19 11:17:59,317:DEBUG:https://www.99acres.com:443 "GET /property-rates-and-price-trends-in-lucknow HTTP/1.1" 200 20751
2019-03-19 11:17:59,323:DEBUG:Navigating to 99acers.com Property Trend page for lucknow
2019-03-19 11:17:59,390:DEBUG:Completed Scraping data from 99acers.com Property Trend page for lucknow
2019-03-19 11:17:59,392:DEBUG:Starting new HTTPS connection (1): www.99acres.com:443
2019-03-19 11:18:01,061:DEBUG:https://www.99acres.com:443 "GET /property-rates-and-price-trends-in-surat HTTP/1.1" 200 20451
2019-03-19 11:18:01,067:DEBUG:Navigating to 99acers.com Property Trend page for surat
2019-03-19 11:18:01,140:DEBUG:Completed Scraping data from 99acers.com Property Trend page for surat
2019-03-19 11:18:01,140:DEBUG:Scraped data and saved into List
2019-03-19 11:18:01,143:DEBUG:Added data to pandas data frame. Shape = (2406, 6)
2019-03-19 11:18:01,293:DEBUG:Saving csv file at C:\Users\jaiswals\Dropbox\Workspace\Python\property-rates-india/csv/99acres_price.csv
2019-03-19 11:18:10,133:DEBUG:Appending data into db
2019-03-19 11:20:23,736:DEBUG:Starting new HTTP connection (1): www.makaan.com:80
2019-03-19 11:20:24,287:DEBUG:http://www.makaan.com:80 "GET /price-trends HTTP/1.1" 301 185
2019-03-19 11:20:24,290:DEBUG:Starting new HTTPS connection (1): www.makaan.com:443
2019-03-19 11:20:26,543:DEBUG:https://www.makaan.com:443 "GET /price-trends HTTP/1.1" 200 87506
2019-03-19 11:20:26,647:DEBUG:Received GET Response from http://www.makaan.com/price-trends
2019-03-19 11:20:27,604:DEBUG:Extracted Table and Table body from http://www.makaan.com/price-trends
2019-03-19 11:20:27,649:DEBUG:Scraped data and saved into List
2019-03-19 11:20:27,654:DEBUG:Added data to pandas data frame. Shape = (339, 8)
2019-03-19 11:20:27,670:DEBUG:Saving csv file at C:\Users\jaiswals\Dropbox\Workspace\Python\property-rates-india/csv/makaan_price.csv
2019-03-19 11:20:28,950:DEBUG:Appending data into db
